2025-06-23 19:10:32,306 [INFO] ==================================================
2025-06-23 19:10:32,308 [INFO] STARTE SCHADENSFRÜHERKENNUNGS-ORCHESTRATOR
2025-06-23 19:10:32,308 [INFO] === Starte 'run-all': Führe alle Trainings-Pipelines aus ===
2025-06-23 19:10:32,309 [INFO] 
--- Teil 1 von 4: Klassisches ML (RandomForest) ---
2025-06-23 19:10:32,309 [INFO] Option --force erkannt. Lösche gesamten Cache, um eine vollständige Neuausführung zu erzwingen.
2025-06-23 19:10:32,310 [INFO] Alle Cache-Marker wurden entfernt.
2025-06-23 19:10:32,310 [INFO] Kein Cache-Marker für 'data_processing' gefunden. Schritt wird ausgeführt.
2025-06-23 19:10:32,311 [INFO] ==================================================
2025-06-23 19:10:32,311 [INFO] Schritt 1: Datenverarbeitung und Metadaten-Erstellung
2025-06-23 19:10:32,311 [INFO] ==================================================
2025-06-23 19:10:32,312 [WARNING] Schritt 'data_processing' wurde ausgeführt. Lösche abhängige Caches: ['feature_engineering', 'model_training']
2025-06-23 19:10:32,312 [WARNING] Kein Cache-Marker für 'feature_engineering' zum Löschen gefunden.
2025-06-23 19:10:32,313 [WARNING] Kein Cache-Marker für 'model_training' zum Löschen gefunden.
2025-06-23 19:10:32,321 [INFO] Insgesamt 2016 Rohdatendateien gefunden.
2025-06-23 19:10:32,384 [WARNING] Reduziere Datensatz auf 8% durch stratifiziertes Sampling, um die Klassenverteilung beizubehalten.
2025-06-23 19:10:32,387 [INFO] Größe des Datensatzes nach Sampling: 161 Einträge.
2025-06-23 19:10:32,389 [INFO] Metadaten erfolgreich in '/Users/maxbook/Documents/Github/Schadensfrueherkennung/data/phm_metadata_train.csv' gespeichert.
2025-06-23 19:10:32,390 [INFO] Cache-Marker für 'data_processing' erfolgreich erstellt/aktualisiert.
2025-06-23 19:10:32,390 [INFO] Kein Cache-Marker für 'feature_engineering' gefunden. Schritt wird ausgeführt.
2025-06-23 19:10:32,391 [INFO] Starte paralleles Feature Engineering für TRAININGS-Daten...
2025-06-23 19:10:39,018 [INFO] Feature Engineering erfolgreich. 161 Feature-Vektoren gespeichert in: /Users/maxbook/Documents/Github/Schadensfrueherkennung/data/processed_features_train.csv
2025-06-23 19:10:39,019 [INFO] Cache-Marker für 'feature_engineering' erfolgreich erstellt/aktualisiert.
2025-06-23 19:10:39,020 [INFO] Kein Cache-Marker für 'model_training' gefunden. Schritt wird ausgeführt.
2025-06-23 19:10:39,020 [INFO] ==================================================
2025-06-23 19:10:39,021 [INFO] Schritt 3: Modelltraining und Validierung (RandomForest)
2025-06-23 19:10:39,021 [INFO] ==================================================
2025-06-23 19:10:39,122 [INFO] --- Validierungs-Report (RandomForest) ---
2025-06-23 19:10:39,125 [INFO] JSON-Report für Dashboard gespeichert: /Users/maxbook/Documents/Github/Schadensfrueherkennung/results/classical_ml/validation_classification_report.json
2025-06-23 19:10:39,125 [INFO] Trainiere finales Modell auf dem gesamten Trainingsdatensatz...
2025-06-23 19:10:39,223 [INFO] Feature Importances gespeichert in: /Users/maxbook/Documents/Github/Schadensfrueherkennung/results/classical_ml/feature_importances.json
2025-06-23 19:10:39,223 [INFO] Finales Modell und alle Artefakte gespeichert in: /Users/maxbook/Documents/Github/Schadensfrueherkennung/results
2025-06-23 19:10:39,224 [INFO] Erstelle Plot zur Merkmalsverteilung und speichere ihn in /Users/maxbook/Documents/Github/Schadensfrueherkennung/results/classical_ml/feature_comparison_plot_train.png...
2025-06-23 19:10:41,992 [INFO] Plot erfolgreich erstellt.
2025-06-23 19:10:41,994 [INFO] Cache-Marker für 'model_training' erfolgreich erstellt/aktualisiert.
2025-06-23 19:10:41,994 [INFO] 
--- Teil 2 von 4: Deep Learning (1D-CNN) ---
2025-06-23 19:10:41,995 [INFO] ==================================================
2025-06-23 19:10:41,995 [INFO] Starte optimierte Deep Learning Pipeline (1D-CNN)
2025-06-23 19:10:41,995 [INFO] ==================================================
2025-06-23 19:10:42,004 [INFO] Verwende Gerät: mps
2025-06-23 19:10:42,006 [INFO] Anzahl der Klassen erkannt: 7
2025-06-23 19:11:36,047 [INFO] Epoch 1/25, Loss: 3.4745, Val Accuracy: 18.18%
2025-06-23 19:11:36,071 [INFO] Neues bestes Modell mit 18.18% Genauigkeit gespeichert.
2025-06-23 19:12:29,025 [INFO] Epoch 2/25, Loss: 2.4720, Val Accuracy: 18.18%
2025-06-23 19:13:21,924 [INFO] Epoch 3/25, Loss: 1.7703, Val Accuracy: 12.12%
2025-06-23 19:14:16,735 [INFO] Epoch 4/25, Loss: 1.5327, Val Accuracy: 18.18%
2025-06-23 19:15:10,128 [INFO] Epoch 5/25, Loss: 1.3740, Val Accuracy: 21.21%
2025-06-23 19:15:10,157 [INFO] Neues bestes Modell mit 21.21% Genauigkeit gespeichert.
2025-06-23 19:16:04,125 [INFO] Epoch 6/25, Loss: 1.2950, Val Accuracy: 18.18%
2025-06-23 19:16:56,845 [INFO] Epoch 7/25, Loss: 1.1736, Val Accuracy: 15.15%
2025-06-23 19:17:50,105 [INFO] Epoch 8/25, Loss: 1.0915, Val Accuracy: 21.21%
2025-06-23 19:18:43,353 [INFO] Epoch 9/25, Loss: 1.0227, Val Accuracy: 15.15%
2025-06-23 19:19:36,526 [INFO] Epoch 10/25, Loss: 0.9716, Val Accuracy: 15.15%
2025-06-23 19:19:36,530 [INFO] Keine Verbesserung seit 5 Epochen. Training wird vorzeitig beendet.
2025-06-23 19:19:36,532 [INFO] Lade bestes Modell für finalen Report...
2025-06-23 19:19:36,561 [INFO] --- Finaler CNN Klassifikations-Report ---
2025-06-23 19:19:36,566 [INFO] JSON-Report für CNN gespeichert: /Users/maxbook/Documents/Github/Schadensfrueherkennung/results/cnn_model/cnn_classification_report.json
2025-06-23 19:19:36,568 [INFO] 
--- Teil 3 von 4: Deep Learning (Transformer) ---
2025-06-23 19:19:36,568 [INFO] ==================================================
2025-06-23 19:19:36,569 [INFO] Starte optimierte Time Series Transformer Pipeline
2025-06-23 19:19:36,570 [INFO] ==================================================
2025-06-23 19:19:36,570 [INFO] Verwende Gerät: mps
2025-06-23 19:19:36,576 [INFO] Anzahl der Klassen erkannt: 7
2025-06-23 19:20:30,056 [INFO] Epoch 1/25, Loss: 2.8310, Val Accuracy: 15.15%
2025-06-23 19:20:30,083 [INFO] Neues bestes Transformer-Modell gespeichert.
2025-06-23 19:21:23,649 [INFO] Epoch 2/25, Loss: 2.1536, Val Accuracy: 15.15%
2025-06-23 19:22:16,586 [INFO] Epoch 3/25, Loss: 1.9645, Val Accuracy: 12.12%
2025-06-23 19:23:10,964 [INFO] Epoch 4/25, Loss: 1.9986, Val Accuracy: 12.12%
2025-06-23 19:24:05,516 [INFO] Epoch 5/25, Loss: 1.9795, Val Accuracy: 12.12%
2025-06-23 19:24:58,935 [INFO] Epoch 6/25, Loss: 1.9586, Val Accuracy: 12.12%
2025-06-23 19:24:58,938 [INFO] Keine Verbesserung seit 5 Epochen. Training wird vorzeitig beendet.
2025-06-23 19:24:58,940 [INFO] Lade bestes Modell für finalen Report...
2025-06-23 19:24:58,971 [INFO] --- Finaler Transformer Klassifikations-Report ---
2025-06-23 19:24:58,976 [INFO] JSON-Report für Transformer gespeichert: /Users/maxbook/Documents/Github/Schadensfrueherkennung/results/transformer_model/transformer_classification_report.json
2025-06-23 19:24:58,978 [INFO] 
--- Teil 4 von 4: Demonstration (Transfer Learning) ---
2025-06-23 19:24:58,979 [INFO] ==================================================
2025-06-23 19:24:58,979 [INFO] Starte Transfer Learning Pipeline
2025-06-23 19:24:58,980 [INFO] ==================================================
2025-06-23 19:24:58,980 [INFO] Verwende Gerät: mps
2025-06-23 19:24:58,981 [INFO] --- Stufe 1: Pre-Training auf 'bekannten' Klassen ---
